2025-05-08 20:36:13,240 INFO     [FlashTop]    init
2025-05-08 20:36:13,247 [Process-19756] INFO     [FlashTop]    do_main: cmd loadpara
2025-05-08 20:36:13,247 [Process-19756] INFO     [Para]    exe path: C:\HTNB32L-XXX-SDK\Firmware\HTNB32L-XXX-SDK\Debug
2025-05-08 20:36:13,250 [Process-19756] INFO     [Para]    update digest file :C:\HTNB32L-XXX-SDK\Firmware\HTNB32L-XXX-SDK\Debug\cfg.digest, digest:b'\x73\x8f\x87\xb5\x2d\x73\x71\xe9\xa4\xde\x1e\xc3\x73\x80\x2e\xad\x7c\xd8\x7b\x18\x6c\x1b\xef\xb3\xe0\x44\xeb\xef\x42\x30\xd4\xdb' 
2025-05-08 20:36:13,250 [Process-19756] INFO     [Para]    LoadPara from cfgfile(C:\HTNB32L-XXX-SDK\Firmware\HTNB32L-XXX-SDK\Debug\htnb32l.ini) 
2025-05-08 20:36:13,251 [Process-19756] WARNING  [Para]    Load para curdigest b'\x73\x8f\x87\xb5\x2d\x73\x71\xe9\xa4\xde\x1e\xc3\x73\x80\x2e\xad\x7c\xd8\x7b\x18\x6c\x1b\xef\xb3\xe0\x44\xeb\xef\x42\x30\xd4\xdb'
2025-05-08 20:36:13,251 [Process-19756] INFO     [FlashTop]    Load para sync success
2025-05-08 20:36:13,251 [Process-19756] INFO     [FlashToolCLI]    Burnbatch Start, burn imglist ['bootloader', 'system'].
2025-05-08 20:36:13,251 [Process-19756] INFO     [FlashTop]    do_main: cmd burnag, Thread0[7356]
2025-05-08 20:36:13,253 [Process-19756] INFO     [Thread0]    ProcessStart[7356]
2025-05-08 20:36:14,388 [Process-19756] INFO     [Thread0]    ResetBoard(Normal Mod) finish
2025-05-08 20:36:14,393 [Process-19756] INFO     [Thread0]    args.ser.port :COM3
2025-05-08 20:36:14,494 [Process-19756] INFO     [Image]    SetBaud 921600
2025-05-08 20:36:14,495 [Process-19756] INFO     [Thread0]    TryDownload C:\HTNB32L-XXX-SDK\Firmware\HTNB32L-XXX-SDK\Debug\agentboot.bin start
2025-05-08 20:36:14,495 [Process-19756] INFO     [Thread0]    image size=28568, hdsize=272
2025-05-08 20:36:14,495 [Process-19756] INFO     [Thread0]    Preamble Send
2025-05-08 20:36:14,555 [Process-19756] INFO     [Thread0]    Preamble Received Rsp
2025-05-08 20:36:14,630 [Process-19756] INFO     [Thread0]    Preamble Send
2025-05-08 20:36:14,749 [Process-19756] INFO     [Thread0]    Preamble Received Rsp
2025-05-08 20:36:17,561 [Process-19756] INFO     [Thread0]    TryDownload agentboot success
2025-05-08 20:36:17,577 [Process-19756] INFO     [Thread0]    agbaud: 921600
2025-05-08 20:36:17,678 [Process-19756] INFO     [Thread0]    Burn OK!
2025-05-08 20:36:17,679 [Process-19756] INFO     [Thread0]    ProcessEnd[7356]
2025-05-08 20:36:17,679 [Process-19756] INFO     [FlashTop]    do_main: cmd burnone, Thread0[7356]
2025-05-08 20:36:17,679 [Process-19756] INFO     [Thread0]    ProcessStart[7356]
2025-05-08 20:36:17,679 [Process-19756] INFO     [Thread0]    args.ser.port :COM3
2025-05-08 20:36:17,777 [Process-19756] INFO     [Thread0]    agentboot is downloaded already
2025-05-08 20:36:17,778 [Process-19756] INFO     [Thread0]    TryDownload agentboot skip
2025-05-08 20:36:17,785 [Process-19756] INFO     [Thread0]    agbaud: 921600
2025-05-08 20:36:17,884 [Process-19756] INFO     [Thread0]    LPC Preamble Send
2025-05-08 20:36:17,941 [Process-19756] INFO     [Thread0]    LPC Preamble Received Rsp
2025-05-08 20:36:17,970 [Process-19756] INFO     [Thread0]    LPCSetSyncStat(1)
2025-05-08 20:36:17,970 [Process-19756] INFO     [Thread0]    LPCSyncDetect: success
2025-05-08 20:36:17,971 [Process-19756] INFO     [Thread0]    DownloadBurnOne imgtype(bootloader)
2025-05-08 20:36:17,971 [Process-19756] INFO     [Thread0]    DownloadBurnOne imgtype(bootloader), burnaddr(0x0), imgid(0x4f424d49)
2025-05-08 20:36:17,971 [Process-19756] INFO     [Thread0]    DownloadBurnOne file C:\HTNB32L-XXX-SDK\Firmware\HTNB32L-XXX-SDK\Debug\bootloader.bin 
2025-05-08 20:36:17,972 [Process-19756] INFO     [Thread0]    TryDownload C:\HTNB32L-XXX-SDK\Firmware\HTNB32L-XXX-SDK\Debug\bootloader.bin start
2025-05-08 20:36:17,972 [Process-19756] INFO     [Thread0]    LPCBurnOneTrig start       			******
2025-05-08 20:36:17,978 [Process-19756] INFO     [Thread0]    LPCBurnOneTrig success
2025-05-08 20:36:17,978 [Process-19756] INFO     [Thread0]    DLDPreSync Preamble Send
2025-05-08 20:36:18,543 [Process-19756] INFO     [Thread0]    DLDPreSync Preamble Received Rsp
2025-05-08 20:36:18,574 [Process-19756] INFO     [Thread0]    image size=29248, hdsize=272
2025-05-08 20:36:18,574 [Process-19756] INFO     [Thread0]    
2025-05-08 20:36:18,575 [Process-19756] INFO     [Thread0]    imginfo.size=29248, RemainLen=29248, Offset=0
2025-05-08 20:36:18,575 [Process-19756] INFO     [Thread0]    {bootloader.bin-percent files transferred   0%}
2025-05-08 20:36:18,575 [Process-19756] INFO     [Thread0]    
2025-05-08 20:36:18,575 [Process-19756] INFO     [Thread0]    Preamble Send
2025-05-08 20:36:18,634 [Process-19756] INFO     [Thread0]    Preamble Received Rsp
2025-05-08 20:36:18,682 [Process-19756] INFO     [Thread0]    imginfo.size=29248, RemainLen=28976, Offset=272
2025-05-08 20:36:18,682 [Process-19756] INFO     [Thread0]    {bootloader.bin-percent files transferred   0%}
2025-05-08 20:36:18,683 [Process-19756] INFO     [Thread0]    
2025-05-08 20:36:18,683 [Process-19756] INFO     [Thread0]    Preamble Send
2025-05-08 20:36:19,206 [Process-19756] INFO     [Thread0]    Preamble Received Rsp
2025-05-08 20:36:19,721 [Process-19756] INFO     [Thread0]    imginfo.size=29248, RemainLen=0, Offset=272
2025-05-08 20:36:19,721 [Process-19756] INFO     [Thread0]    {bootloader.bin-percent files transferred   100%}
2025-05-08 20:36:19,723 [Process-19756] INFO     [Thread0]    
2025-05-08 20:36:19,727 [Process-19756] INFO     [Thread0]    TryDownload success
2025-05-08 20:36:19,731 [Process-19756] INFO     [Thread0]    Burn OK!
2025-05-08 20:36:19,731 [Process-19756] INFO     [Thread0]    ProcessEnd[7356]
2025-05-08 20:36:19,732 [Process-19756] INFO     [FlashTop]    do_main: cmd burnone, Thread0[7356]
2025-05-08 20:36:19,732 [Process-19756] INFO     [Thread0]    ProcessStart[7356]
2025-05-08 20:36:19,732 [Process-19756] INFO     [Thread0]    args.ser.port :COM3
2025-05-08 20:36:19,831 [Process-19756] INFO     [Thread0]    agentboot is downloaded already
2025-05-08 20:36:19,831 [Process-19756] INFO     [Thread0]    TryDownload agentboot skip
2025-05-08 20:36:19,839 [Process-19756] INFO     [Thread0]    agbaud: 921600
2025-05-08 20:36:19,938 [Process-19756] INFO     [Thread0]    LPC Preamble Send
2025-05-08 20:36:19,999 [Process-19756] INFO     [Thread0]    LPC Preamble Received Rsp
2025-05-08 20:36:20,028 [Process-19756] INFO     [Thread0]    LPCSyncDetect: success
2025-05-08 20:36:20,028 [Process-19756] INFO     [Thread0]    DownloadBurnOne imgtype(system)
2025-05-08 20:36:20,028 [Process-19756] INFO     [Thread0]    DownloadBurnOne imgtype(system), burnaddr(0x0), imgid(0x444b4249)
2025-05-08 20:36:20,028 [Process-19756] INFO     [Thread0]    DownloadBurnOne file C:\HTNB32L-XXX-SDK\Firmware\HTNB32L-XXX-SDK\Debug\../Build/Driver_Example/HTNB32L-XXX-Driver_Example.bin 
2025-05-08 20:36:20,030 [Process-19756] INFO     [Thread0]    TryDownload C:\HTNB32L-XXX-SDK\Firmware\HTNB32L-XXX-SDK\Debug\../Build/Driver_Example/HTNB32L-XXX-Driver_Example.bin start
2025-05-08 20:36:20,030 [Process-19756] INFO     [Thread0]    LPCBurnOneTrig start       			******
2025-05-08 20:36:20,036 [Process-19756] INFO     [Thread0]    LPCBurnOneTrig success
2025-05-08 20:36:20,036 [Process-19756] INFO     [Thread0]    DLDPreSync Preamble Send
2025-05-08 20:36:20,604 [Process-19756] INFO     [Thread0]    DLDPreSync Preamble Received Rsp
2025-05-08 20:36:20,635 [Process-19756] INFO     [Thread0]    image size=41816, hdsize=272
2025-05-08 20:36:20,635 [Process-19756] INFO     [Thread0]    
2025-05-08 20:36:20,635 [Process-19756] INFO     [Thread0]    imginfo.size=41816, RemainLen=41816, Offset=0
2025-05-08 20:36:20,637 [Process-19756] INFO     [Thread0]    {HTNB32L-XXX-Driver_Example.bin-percent files transferred   0%}
2025-05-08 20:36:20,637 [Process-19756] INFO     [Thread0]    
2025-05-08 20:36:20,637 [Process-19756] INFO     [Thread0]    Preamble Send
2025-05-08 20:36:20,696 [Process-19756] INFO     [Thread0]    Preamble Received Rsp
2025-05-08 20:36:20,743 [Process-19756] INFO     [Thread0]    imginfo.size=41816, RemainLen=41544, Offset=272
2025-05-08 20:36:20,744 [Process-19756] INFO     [Thread0]    {HTNB32L-XXX-Driver_Example.bin-percent files transferred   0%}
2025-05-08 20:36:20,744 [Process-19756] INFO     [Thread0]    
2025-05-08 20:36:20,744 [Process-19756] INFO     [Thread0]    Preamble Send
2025-05-08 20:36:21,167 [Process-19756] INFO     [Thread0]    Preamble Received Rsp
2025-05-08 20:36:21,821 [Process-19756] INFO     [Thread0]    imginfo.size=41816, RemainLen=0, Offset=272
2025-05-08 20:36:21,821 [Process-19756] INFO     [Thread0]    {HTNB32L-XXX-Driver_Example.bin-percent files transferred   100%}
2025-05-08 20:36:21,821 [Process-19756] INFO     [Thread0]    
2025-05-08 20:36:21,826 [Process-19756] INFO     [Thread0]    TryDownload success
2025-05-08 20:36:21,831 [Process-19756] INFO     [Thread0]    Burn OK!
2025-05-08 20:36:21,831 [Process-19756] INFO     [Thread0]    ProcessEnd[7356]
2025-05-08 20:36:21,831 [Process-19756] INFO     [FlashToolCLI]    Burnbatch OK, imglist ['bootloader', 'system']
